<?xml version="1.0" encoding="UTF-8"?>
<testng-results ignored="0" total="1" passed="1" failed="0" skipped="0">
  <reporter-output>
  </reporter-output>
  <suite started-at="2021-02-03T22:48:09 CST" name="Default suite" finished-at="2021-02-03T22:48:18 CST" duration-ms="8896">
    <groups>
    </groups>
    <test started-at="2021-02-03T22:48:09 CST" name="Default test" finished-at="2021-02-03T22:48:18 CST" duration-ms="8896">
      <class name="com.Selenium.AppScripts.AppTestScripts">
        <test-method signature="launchbrowser()[pri:0, instance:com.Selenium.AppScripts.AppTestScripts@4fe767f3]" started-at="2021-02-03T22:48:09 CST" name="launchbrowser" finished-at="2021-02-03T22:48:18 CST" duration-ms="8852" status="PASS">
          <reporter-output>
          </reporter-output>
        </test-method> <!-- launchbrowser -->
      </class> <!-- com.Selenium.AppScripts.AppTestScripts -->
    </test> <!-- Default test -->
  </suite> <!-- Default suite -->
</testng-results>
